


ARM Macro Assembler    Page 1 


    1 00000000         ;/*
    2 00000000         ;*******************************************************
                       **************************************************
    3 00000000         ;*                                             HT501X
    4 00000000         ;*                                         Library Funct
                       ion
    5 00000000         ;*
    6 00000000         ;*                                  Copyright 2013, Hi-T
                       rend Tech, Corp.
    7 00000000         ;*                                       All Rights Rese
                       rved
    8 00000000         ;*
    9 00000000         ;*
   10 00000000         ;* Project      : HT6xxx
   11 00000000         ;* File         : startup_ht501x.s
   12 00000000         ;* By           : SocTeam
   13 00000000         ;* Version      : CurrentVersion1_5_20160407
   14 00000000         ;* Description  : 
   15 00000000         ;*******************************************************
                       **************************************************
   16 00000000         ;*/
   17 00000000         
   18 00000000         ; <h> Stack Configuration
   19 00000000         ;   <o> Stack Size (in Bytes) <0x0-0xFFFFFFFF:8>
   20 00000000         ; </h>
   21 00000000         
   22 00000000 00001000 
                       Stack_Size
                               EQU              0x00001000
   23 00000000         
   24 00000000                 AREA             STACK, NOINIT, READWRITE, ALIGN
=3
   25 00000000         Stack_Mem
                               SPACE            Stack_Size
   26 00001000         __initial_sp
   27 00001000         
   28 00001000         
   29 00001000         ; <h> Heap Configuration
   30 00001000         ;   <o>  Heap Size (in Bytes) <0x0-0xFFFFFFFF:8>
   31 00001000         ; </h>
   32 00001000         
   33 00001000 00000000 
                       Heap_Size
                               EQU              0x00000000
   34 00001000         
   35 00001000                 AREA             HEAP, NOINIT, READWRITE, ALIGN=
3
   36 00000000         __heap_base
   37 00000000         Heap_Mem
                               SPACE            Heap_Size
   38 00000000         __heap_limit
   39 00000000         
   40 00000000         
   41 00000000                 PRESERVE8
   42 00000000                 THUMB
   43 00000000         
   44 00000000         
   45 00000000         ; Vector Table Mapped to Address 0 at Reset
   46 00000000         



ARM Macro Assembler    Page 2 


   47 00000000                 AREA             RESET, DATA, READONLY
   48 00000000                 EXPORT           __Vectors
   49 00000000         
   50 00000000 00000000 
                       __Vectors
                               DCD              __initial_sp ; Top of Stack
   51 00000004 00000000        DCD              Reset_Handler ; Reset Handler
   52 00000008 00000000        DCD              NMI_Handler ; NMI Handler
   53 0000000C 00000000        DCD              HardFault_Handler ; Hard Fault 
                                                            Handler
   54 00000010 00000000        DCD              0           ; Reserved
   55 00000014 00000000        DCD              0           ; Reserved
   56 00000018 00000000        DCD              0           ; Reserved
   57 0000001C 00000000        DCD              0           ; Reserved
   58 00000020 00000000        DCD              0           ; Reserved
   59 00000024 00000000        DCD              0           ; Reserved
   60 00000028 00000000        DCD              0           ; Reserved
   61 0000002C 00000000        DCD              SVC_Handler ; SVCall Handler
   62 00000030 00000000        DCD              0           ; Reserved
   63 00000034 00000000        DCD              0           ; Reserved
   64 00000038 00000000        DCD              PendSV_Handler ; PendSV Handler
                                                            
   65 0000003C 00000000        DCD              SysTick_Handler 
                                                            ; SysTick Handler
   66 00000040         
   67 00000040         ; External Interrupts
   68 00000040 00000000        DCD              PMU_IRQHandler ; 16+ 0: PMU
   69 00000044 00000000        DCD              AES_IRQHandler ; 16+ 1: AES
   70 00000048 00000000        DCD              EXTI0_IRQHandler ; 16+ 2: EXTI0
                                                            
   71 0000004C 00000000        DCD              EXTI1_IRQHandler ; 16+ 3: EXTI1
                                                            
   72 00000050 00000000        DCD              EXTI2_IRQHandler ; 16+ 4: EXTI2
                                                            
   73 00000054 00000000        DCD              EXTI3_IRQHandler ; 16+ 5: EXTI3
                                                            
   74 00000058 00000000        DCD              EXTI4_IRQHandler ; 16+ 6: EXTI4
                                                            
   75 0000005C 00000000        DCD              EXTI5_IRQHandler ; 16+ 7: EXTI5
                                                            
   76 00000060 00000000        DCD              EXTI6_IRQHandler ; 16+ 8: EXTI6
                                                            
   77 00000064 00000000        DCD              UART0_IRQHandler ; 16+ 9: UART0
                                                            
   78 00000068 00000000        DCD              UART1_IRQHandler ; 16+10: UART1
                                                            
   79 0000006C 00000000        DCD              UART2_IRQHandler ; 16+11: UART2
                                                            
   80 00000070 00000000        DCD              UART3_IRQHandler ; 16+12: UART3
                                                            
   81 00000074 00000000        DCD              UART4_IRQHandler ; 16+13: UART4
                                                            
   82 00000078 00000000        DCD              UART5_IRQHandler ; 16+14: UART5
                                                            
   83 0000007C 00000000        DCD              TIMER_0_IRQHandler 
                                                            ; 16+15: Timer0
   84 00000080 00000000        DCD              TIMER_1_IRQHandler 
                                                            ; 16+16: Timer1
   85 00000084 00000000        DCD              TIMER_2_IRQHandler 



ARM Macro Assembler    Page 3 


                                                            ; 16+17: Timer2
   86 00000088 00000000        DCD              TIMER_3_IRQHandler 
                                                            ; 16+18: Timer3
   87 0000008C 00000000        DCD              TBS_IRQHandler ; 16+19: TBS
   88 00000090 00000000        DCD              RTC_IRQHandler ; 16+20: RTC
   89 00000094 00000000        DCD              I2C_IRQHandler ; 16+21: I2C
   90 00000098 00000000        DCD              SPI0_IRQHandler ; 16+22: SPI0
   91 0000009C 00000000        DCD              Reserved_IRQHandler 
                                                            ; 16+23: Reserved
   92 000000A0 00000000        DCD              Reserved_IRQHandler 
                                                            ; 16+24: Reserved
   93 000000A4 00000000        DCD              EMU_IRQHandler ; 16+25: EMU
   94 000000A8 00000000        DCD              DMA_IRQHandler ; 16+26: DMA
   95 000000AC 00000000        DCD              KEY_IRQHandler ; 16+27: KEY
   96 000000B0 00000000        DCD              Reserved_IRQHandler 
                                                            ; 16+28: Reserved
   97 000000B4 00000000        DCD              Reserved_IRQHandler 
                                                            ; 16+29: Reserved
   98 000000B8 00000000        DCD              Reserved_IRQHandler 
                                                            ; 16+30: Reserved
   99 000000BC 00000000        DCD              Reserved_IRQHandler 
                                                            ; 16+31: Reserved
  100 000000C0         
  101 000000C0         
  102 000000C0                 IF               :LNOT::DEF:NO_CRP
  103 000000C0                 AREA             |.ARM.__at_0x0FC0|, CODE, READO
NLY
  104 00000000 FFFFFFF2 
                       CRP_Key DCD              0xFFFFFFF2
  105 00000004                 ENDIF
  106 00000004         
  107 00000004         
  108 00000004                 AREA             |.text|, CODE, READONLY
  109 00000000         
  110 00000000         
  111 00000000         ; Reset Handler
  112 00000000         
  113 00000000         Reset_Handler
                               PROC
  114 00000000                 EXPORT           Reset_Handler             [WEAK
]
  115 00000000                 IMPORT           SystemInit
  116 00000000                 IMPORT           __main
  117 00000000 4804            LDR              R0, =SystemInit
  118 00000002 4780            BLX              R0
  119 00000004 4804            LDR              R0, =__main
  120 00000006 4700            BX               R0
  121 00000008                 ENDP
  122 00000008         
  123 00000008         
  124 00000008         ; Dummy Exception Handlers (infinite loops which can be 
                       modified)
  125 00000008         
  126 00000008         ; now, under COMMON NMI.c and NMI.h, a real NMI handler 
                       is created if NMI is enabled
  127 00000008         ; for particular peripheral.
  128 00000008         NMI_Handler
                               PROC
  129 00000008                 EXPORT           NMI_Handler               [WEAK



ARM Macro Assembler    Page 4 


]
  130 00000008 E7FE            B                .
  131 0000000A                 ENDP
  133 0000000A         HardFault_Handler
                               PROC
  134 0000000A                 EXPORT           HardFault_Handler         [WEAK
]
  135 0000000A E7FE            B                .
  136 0000000C                 ENDP
  137 0000000C         SVC_Handler
                               PROC
  138 0000000C                 EXPORT           SVC_Handler               [WEAK
]
  139 0000000C E7FE            B                .
  140 0000000E                 ENDP
  141 0000000E         PendSV_Handler
                               PROC
  142 0000000E                 EXPORT           PendSV_Handler            [WEAK
]
  143 0000000E E7FE            B                .
  144 00000010                 ENDP
  145 00000010         SysTick_Handler
                               PROC
  146 00000010                 EXPORT           SysTick_Handler           [WEAK
]
  147 00000010 E7FE            B                .
  148 00000012                 ENDP
  149 00000012         
  150 00000012         Default_Handler
                               PROC
  151 00000012         
  152 00000012                 EXPORT           NMI_Handler               [WEAK
]
  153 00000012                 EXPORT           PMU_IRQHandler            [WEAK
]
  154 00000012                 EXPORT           AES_IRQHandler            [WEAK
]
  155 00000012                 EXPORT           EXTI0_IRQHandler          [WEAK
]
  156 00000012                 EXPORT           EXTI1_IRQHandler          [WEAK
]
  157 00000012                 EXPORT           EXTI2_IRQHandler          [WEAK
]
  158 00000012                 EXPORT           EXTI3_IRQHandler          [WEAK
]
  159 00000012                 EXPORT           EXTI4_IRQHandler          [WEAK
]
  160 00000012                 EXPORT           EXTI5_IRQHandler          [WEAK
]
  161 00000012                 EXPORT           EXTI6_IRQHandler          [WEAK
]
  162 00000012         
  163 00000012                 EXPORT           UART0_IRQHandler          [WEAK
]
  164 00000012                 EXPORT           UART1_IRQHandler          [WEAK
]
  165 00000012                 EXPORT           UART2_IRQHandler          [WEAK
]
  166 00000012                 EXPORT           UART3_IRQHandler          [WEAK



ARM Macro Assembler    Page 5 


]
  167 00000012                 EXPORT           UART4_IRQHandler          [WEAK
]
  168 00000012                 EXPORT           UART5_IRQHandler          [WEAK
]
  169 00000012                 EXPORT           TIMER_0_IRQHandler        [WEAK
]
  170 00000012                 EXPORT           TIMER_1_IRQHandler        [WEAK
]
  171 00000012                 EXPORT           TIMER_2_IRQHandler        [WEAK
]
  172 00000012                 EXPORT           TIMER_3_IRQHandler        [WEAK
]
  173 00000012                 EXPORT           TBS_IRQHandler            [WEAK
]
  174 00000012                 EXPORT           RTC_IRQHandler            [WEAK
]
  175 00000012                 EXPORT           I2C_IRQHandler            [WEAK
]
  176 00000012                 EXPORT           SPI0_IRQHandler           [WEAK
]
  177 00000012                 EXPORT           EMU_IRQHandler            [WEAK
]
  178 00000012                 EXPORT           DMA_IRQHandler            [WEAK
]
  179 00000012                 EXPORT           KEY_IRQHandler            [WEAK
]
  180 00000012                 EXPORT           Reserved_IRQHandler       [WEAK
]
  181 00000012         
  182 00000012         
  183 00000012         PMU_IRQHandler
  184 00000012         AES_IRQHandler
  185 00000012         EXTI0_IRQHandler
  186 00000012         EXTI1_IRQHandler
  187 00000012         EXTI2_IRQHandler
  188 00000012         EXTI3_IRQHandler
  189 00000012         EXTI4_IRQHandler
  190 00000012         EXTI5_IRQHandler
  191 00000012         EXTI6_IRQHandler
  192 00000012         UART0_IRQHandler
  193 00000012         UART1_IRQHandler
  194 00000012         UART2_IRQHandler
  195 00000012         UART3_IRQHandler
  196 00000012         UART4_IRQHandler
  197 00000012         UART5_IRQHandler
  198 00000012         TIMER_0_IRQHandler
  199 00000012         TIMER_1_IRQHandler
  200 00000012         TIMER_2_IRQHandler
  201 00000012         TIMER_3_IRQHandler
  202 00000012         TBS_IRQHandler
  203 00000012         RTC_IRQHandler
  204 00000012         I2C_IRQHandler
  205 00000012         SPI0_IRQHandler
  206 00000012         EMU_IRQHandler
  207 00000012         DMA_IRQHandler
  208 00000012         KEY_IRQHandler
  209 00000012         Reserved_IRQHandler
  210 00000012 E7FE            B                .



ARM Macro Assembler    Page 6 


  211 00000014         
  212 00000014                 ENDP
  213 00000014         
  214 00000014         
  215 00000014                 ALIGN
  216 00000014         
  217 00000014         
  218 00000014         ; User Initial Stack & Heap
  219 00000014         
  220 00000014                 IF               :DEF:__MICROLIB
  221 00000014         
  222 00000014                 EXPORT           __initial_sp
  223 00000014                 EXPORT           __heap_base
  224 00000014                 EXPORT           __heap_limit
  225 00000014         
  226 00000014                 ELSE
  240                          ENDIF
  241 00000014         
  242 00000014         
  243 00000014                 END
              00000000 
              00000000 
Command Line: --debug --xref --diag_suppress=9931 --cpu=Cortex-M0 --apcs=interw
ork --depend=.\out\startup_ht501x.d -o.\out\startup_ht501x.o -IC:\Keil_v5\ARM\R
V31\INC -IC:\Keil_v5\ARM\CMSIS\Include --predefine="__MICROLIB SETA 1" --predef
ine="__UVISION_VERSION SETA 516" --list=.\listings\startup_ht501x.lst Libraries
\Startup\startup_ht501x.s



ARM Macro Assembler    Page 1 Alphabetic symbol ordering
Relocatable symbols

STACK 00000000

Symbol: STACK
   Definitions
      At line 24 in file Libraries\Startup\startup_ht501x.s
   Uses
      None
Comment: STACK unused
Stack_Mem 00000000

Symbol: Stack_Mem
   Definitions
      At line 25 in file Libraries\Startup\startup_ht501x.s
   Uses
      None
Comment: Stack_Mem unused
__initial_sp 00001000

Symbol: __initial_sp
   Definitions
      At line 26 in file Libraries\Startup\startup_ht501x.s
   Uses
      At line 50 in file Libraries\Startup\startup_ht501x.s
      At line 222 in file Libraries\Startup\startup_ht501x.s

3 symbols



ARM Macro Assembler    Page 1 Alphabetic symbol ordering
Relocatable symbols

HEAP 00000000

Symbol: HEAP
   Definitions
      At line 35 in file Libraries\Startup\startup_ht501x.s
   Uses
      None
Comment: HEAP unused
Heap_Mem 00000000

Symbol: Heap_Mem
   Definitions
      At line 37 in file Libraries\Startup\startup_ht501x.s
   Uses
      None
Comment: Heap_Mem unused
__heap_base 00000000

Symbol: __heap_base
   Definitions
      At line 36 in file Libraries\Startup\startup_ht501x.s
   Uses
      At line 223 in file Libraries\Startup\startup_ht501x.s
Comment: __heap_base used once
__heap_limit 00000000

Symbol: __heap_limit
   Definitions
      At line 38 in file Libraries\Startup\startup_ht501x.s
   Uses
      At line 224 in file Libraries\Startup\startup_ht501x.s
Comment: __heap_limit used once
4 symbols



ARM Macro Assembler    Page 1 Alphabetic symbol ordering
Relocatable symbols

RESET 00000000

Symbol: RESET
   Definitions
      At line 47 in file Libraries\Startup\startup_ht501x.s
   Uses
      None
Comment: RESET unused
__Vectors 00000000

Symbol: __Vectors
   Definitions
      At line 50 in file Libraries\Startup\startup_ht501x.s
   Uses
      At line 48 in file Libraries\Startup\startup_ht501x.s
Comment: __Vectors used once
2 symbols



ARM Macro Assembler    Page 1 Alphabetic symbol ordering
Relocatable symbols

.ARM.__at_0x0FC0 00000000

Symbol: .ARM.__at_0x0FC0
   Definitions
      At line 103 in file Libraries\Startup\startup_ht501x.s
   Uses
      None
Comment: .ARM.__at_0x0FC0 unused
CRP_Key 00000000

Symbol: CRP_Key
   Definitions
      At line 104 in file Libraries\Startup\startup_ht501x.s
   Uses
      None
Comment: CRP_Key unused
2 symbols



ARM Macro Assembler    Page 1 Alphabetic symbol ordering
Relocatable symbols

.text 00000000

Symbol: .text
   Definitions
      At line 108 in file Libraries\Startup\startup_ht501x.s
   Uses
      None
Comment: .text unused
AES_IRQHandler 00000012

Symbol: AES_IRQHandler
   Definitions
      At line 184 in file Libraries\Startup\startup_ht501x.s
   Uses
      At line 69 in file Libraries\Startup\startup_ht501x.s
      At line 154 in file Libraries\Startup\startup_ht501x.s

DMA_IRQHandler 00000012

Symbol: DMA_IRQHandler
   Definitions
      At line 207 in file Libraries\Startup\startup_ht501x.s
   Uses
      At line 94 in file Libraries\Startup\startup_ht501x.s
      At line 178 in file Libraries\Startup\startup_ht501x.s

Default_Handler 00000012

Symbol: Default_Handler
   Definitions
      At line 150 in file Libraries\Startup\startup_ht501x.s
   Uses
      None
Comment: Default_Handler unused
EMU_IRQHandler 00000012

Symbol: EMU_IRQHandler
   Definitions
      At line 206 in file Libraries\Startup\startup_ht501x.s
   Uses
      At line 93 in file Libraries\Startup\startup_ht501x.s
      At line 177 in file Libraries\Startup\startup_ht501x.s

EXTI0_IRQHandler 00000012

Symbol: EXTI0_IRQHandler
   Definitions
      At line 185 in file Libraries\Startup\startup_ht501x.s
   Uses
      At line 70 in file Libraries\Startup\startup_ht501x.s
      At line 155 in file Libraries\Startup\startup_ht501x.s

EXTI1_IRQHandler 00000012

Symbol: EXTI1_IRQHandler
   Definitions
      At line 186 in file Libraries\Startup\startup_ht501x.s
   Uses
      At line 71 in file Libraries\Startup\startup_ht501x.s



ARM Macro Assembler    Page 2 Alphabetic symbol ordering
Relocatable symbols

      At line 156 in file Libraries\Startup\startup_ht501x.s

EXTI2_IRQHandler 00000012

Symbol: EXTI2_IRQHandler
   Definitions
      At line 187 in file Libraries\Startup\startup_ht501x.s
   Uses
      At line 72 in file Libraries\Startup\startup_ht501x.s
      At line 157 in file Libraries\Startup\startup_ht501x.s

EXTI3_IRQHandler 00000012

Symbol: EXTI3_IRQHandler
   Definitions
      At line 188 in file Libraries\Startup\startup_ht501x.s
   Uses
      At line 73 in file Libraries\Startup\startup_ht501x.s
      At line 158 in file Libraries\Startup\startup_ht501x.s

EXTI4_IRQHandler 00000012

Symbol: EXTI4_IRQHandler
   Definitions
      At line 189 in file Libraries\Startup\startup_ht501x.s
   Uses
      At line 74 in file Libraries\Startup\startup_ht501x.s
      At line 159 in file Libraries\Startup\startup_ht501x.s

EXTI5_IRQHandler 00000012

Symbol: EXTI5_IRQHandler
   Definitions
      At line 190 in file Libraries\Startup\startup_ht501x.s
   Uses
      At line 75 in file Libraries\Startup\startup_ht501x.s
      At line 160 in file Libraries\Startup\startup_ht501x.s

EXTI6_IRQHandler 00000012

Symbol: EXTI6_IRQHandler
   Definitions
      At line 191 in file Libraries\Startup\startup_ht501x.s
   Uses
      At line 76 in file Libraries\Startup\startup_ht501x.s
      At line 161 in file Libraries\Startup\startup_ht501x.s

HardFault_Handler 0000000A

Symbol: HardFault_Handler
   Definitions
      At line 133 in file Libraries\Startup\startup_ht501x.s
   Uses
      At line 53 in file Libraries\Startup\startup_ht501x.s
      At line 134 in file Libraries\Startup\startup_ht501x.s

I2C_IRQHandler 00000012

Symbol: I2C_IRQHandler



ARM Macro Assembler    Page 3 Alphabetic symbol ordering
Relocatable symbols

   Definitions
      At line 204 in file Libraries\Startup\startup_ht501x.s
   Uses
      At line 89 in file Libraries\Startup\startup_ht501x.s
      At line 175 in file Libraries\Startup\startup_ht501x.s

KEY_IRQHandler 00000012

Symbol: KEY_IRQHandler
   Definitions
      At line 208 in file Libraries\Startup\startup_ht501x.s
   Uses
      At line 95 in file Libraries\Startup\startup_ht501x.s
      At line 179 in file Libraries\Startup\startup_ht501x.s

NMI_Handler 00000008

Symbol: NMI_Handler
   Definitions
      At line 128 in file Libraries\Startup\startup_ht501x.s
   Uses
      At line 52 in file Libraries\Startup\startup_ht501x.s
      At line 129 in file Libraries\Startup\startup_ht501x.s
      At line 152 in file Libraries\Startup\startup_ht501x.s

PMU_IRQHandler 00000012

Symbol: PMU_IRQHandler
   Definitions
      At line 183 in file Libraries\Startup\startup_ht501x.s
   Uses
      At line 68 in file Libraries\Startup\startup_ht501x.s
      At line 153 in file Libraries\Startup\startup_ht501x.s

PendSV_Handler 0000000E

Symbol: PendSV_Handler
   Definitions
      At line 141 in file Libraries\Startup\startup_ht501x.s
   Uses
      At line 64 in file Libraries\Startup\startup_ht501x.s
      At line 142 in file Libraries\Startup\startup_ht501x.s

RTC_IRQHandler 00000012

Symbol: RTC_IRQHandler
   Definitions
      At line 203 in file Libraries\Startup\startup_ht501x.s
   Uses
      At line 88 in file Libraries\Startup\startup_ht501x.s
      At line 174 in file Libraries\Startup\startup_ht501x.s

Reserved_IRQHandler 00000012

Symbol: Reserved_IRQHandler
   Definitions
      At line 209 in file Libraries\Startup\startup_ht501x.s
   Uses
      At line 91 in file Libraries\Startup\startup_ht501x.s



ARM Macro Assembler    Page 4 Alphabetic symbol ordering
Relocatable symbols

      At line 92 in file Libraries\Startup\startup_ht501x.s
      At line 96 in file Libraries\Startup\startup_ht501x.s
      At line 97 in file Libraries\Startup\startup_ht501x.s
      At line 98 in file Libraries\Startup\startup_ht501x.s
      At line 99 in file Libraries\Startup\startup_ht501x.s
      At line 180 in file Libraries\Startup\startup_ht501x.s

Reset_Handler 00000000

Symbol: Reset_Handler
   Definitions
      At line 113 in file Libraries\Startup\startup_ht501x.s
   Uses
      At line 51 in file Libraries\Startup\startup_ht501x.s
      At line 114 in file Libraries\Startup\startup_ht501x.s

SPI0_IRQHandler 00000012

Symbol: SPI0_IRQHandler
   Definitions
      At line 205 in file Libraries\Startup\startup_ht501x.s
   Uses
      At line 90 in file Libraries\Startup\startup_ht501x.s
      At line 176 in file Libraries\Startup\startup_ht501x.s

SVC_Handler 0000000C

Symbol: SVC_Handler
   Definitions
      At line 137 in file Libraries\Startup\startup_ht501x.s
   Uses
      At line 61 in file Libraries\Startup\startup_ht501x.s
      At line 138 in file Libraries\Startup\startup_ht501x.s

SysTick_Handler 00000010

Symbol: SysTick_Handler
   Definitions
      At line 145 in file Libraries\Startup\startup_ht501x.s
   Uses
      At line 65 in file Libraries\Startup\startup_ht501x.s
      At line 146 in file Libraries\Startup\startup_ht501x.s

TBS_IRQHandler 00000012

Symbol: TBS_IRQHandler
   Definitions
      At line 202 in file Libraries\Startup\startup_ht501x.s
   Uses
      At line 87 in file Libraries\Startup\startup_ht501x.s
      At line 173 in file Libraries\Startup\startup_ht501x.s

TIMER_0_IRQHandler 00000012

Symbol: TIMER_0_IRQHandler
   Definitions
      At line 198 in file Libraries\Startup\startup_ht501x.s
   Uses
      At line 83 in file Libraries\Startup\startup_ht501x.s



ARM Macro Assembler    Page 5 Alphabetic symbol ordering
Relocatable symbols

      At line 169 in file Libraries\Startup\startup_ht501x.s

TIMER_1_IRQHandler 00000012

Symbol: TIMER_1_IRQHandler
   Definitions
      At line 199 in file Libraries\Startup\startup_ht501x.s
   Uses
      At line 84 in file Libraries\Startup\startup_ht501x.s
      At line 170 in file Libraries\Startup\startup_ht501x.s

TIMER_2_IRQHandler 00000012

Symbol: TIMER_2_IRQHandler
   Definitions
      At line 200 in file Libraries\Startup\startup_ht501x.s
   Uses
      At line 85 in file Libraries\Startup\startup_ht501x.s
      At line 171 in file Libraries\Startup\startup_ht501x.s

TIMER_3_IRQHandler 00000012

Symbol: TIMER_3_IRQHandler
   Definitions
      At line 201 in file Libraries\Startup\startup_ht501x.s
   Uses
      At line 86 in file Libraries\Startup\startup_ht501x.s
      At line 172 in file Libraries\Startup\startup_ht501x.s

UART0_IRQHandler 00000012

Symbol: UART0_IRQHandler
   Definitions
      At line 192 in file Libraries\Startup\startup_ht501x.s
   Uses
      At line 77 in file Libraries\Startup\startup_ht501x.s
      At line 163 in file Libraries\Startup\startup_ht501x.s

UART1_IRQHandler 00000012

Symbol: UART1_IRQHandler
   Definitions
      At line 193 in file Libraries\Startup\startup_ht501x.s
   Uses
      At line 78 in file Libraries\Startup\startup_ht501x.s
      At line 164 in file Libraries\Startup\startup_ht501x.s

UART2_IRQHandler 00000012

Symbol: UART2_IRQHandler
   Definitions
      At line 194 in file Libraries\Startup\startup_ht501x.s
   Uses
      At line 79 in file Libraries\Startup\startup_ht501x.s
      At line 165 in file Libraries\Startup\startup_ht501x.s

UART3_IRQHandler 00000012

Symbol: UART3_IRQHandler



ARM Macro Assembler    Page 6 Alphabetic symbol ordering
Relocatable symbols

   Definitions
      At line 195 in file Libraries\Startup\startup_ht501x.s
   Uses
      At line 80 in file Libraries\Startup\startup_ht501x.s
      At line 166 in file Libraries\Startup\startup_ht501x.s

UART4_IRQHandler 00000012

Symbol: UART4_IRQHandler
   Definitions
      At line 196 in file Libraries\Startup\startup_ht501x.s
   Uses
      At line 81 in file Libraries\Startup\startup_ht501x.s
      At line 167 in file Libraries\Startup\startup_ht501x.s

UART5_IRQHandler 00000012

Symbol: UART5_IRQHandler
   Definitions
      At line 197 in file Libraries\Startup\startup_ht501x.s
   Uses
      At line 82 in file Libraries\Startup\startup_ht501x.s
      At line 168 in file Libraries\Startup\startup_ht501x.s

35 symbols



ARM Macro Assembler    Page 1 Alphabetic symbol ordering
Absolute symbols

Heap_Size 00000000

Symbol: Heap_Size
   Definitions
      At line 33 in file Libraries\Startup\startup_ht501x.s
   Uses
      At line 37 in file Libraries\Startup\startup_ht501x.s
Comment: Heap_Size used once
Stack_Size 00001000

Symbol: Stack_Size
   Definitions
      At line 22 in file Libraries\Startup\startup_ht501x.s
   Uses
      At line 25 in file Libraries\Startup\startup_ht501x.s
Comment: Stack_Size used once
2 symbols



ARM Macro Assembler    Page 1 Alphabetic symbol ordering
External symbols

SystemInit 00000000

Symbol: SystemInit
   Definitions
      At line 115 in file Libraries\Startup\startup_ht501x.s
   Uses
      At line 117 in file Libraries\Startup\startup_ht501x.s
Comment: SystemInit used once
__main 00000000

Symbol: __main
   Definitions
      At line 116 in file Libraries\Startup\startup_ht501x.s
   Uses
      At line 119 in file Libraries\Startup\startup_ht501x.s
Comment: __main used once
2 symbols
386 symbols in table
